# JRE version: OpenJDK Runtime Environment Temurin-21.0.6+7 (21.0.6+7) (build 21.0.6+7-LTS)
# Java VM: OpenJDK 64-Bit Server VM Temurin-21.0.6+7 (21.0.6+7-LTS, mixed mode, sharing, tiered, compressed oops, compressed class ptrs, parallel gc, windows-amd64)
GC Precious Log:
 CardTable entry size: 512
 CPUs: 8 total, 8 available
 Memory: 6091M
 Large Page Support: Disabled
 NUMA Support: Disabled
 Compressed Oops: Enabled (32-bit)
 Alignments: Space 512K, Generation 512K, Heap 2M
 Heap Min Capacity: 100M
 Heap Initial Capacity: 100M
 Heap Max Capacity: 1G
 Pre-touch: Disabled
 Parallel Workers: 8
Heap:
 PSYoungGen      total 23552K, used 10048K [0x00000000eab00000, 0x00000000ec780000, 0x0000000100000000)
  eden space 22016K, 38% used [0x00000000eab00000,0x00000000eb355f30,0x00000000ec080000)
  from space 1536K, 98% used [0x00000000ec080000,0x00000000ec1fa210,0x00000000ec200000)
  to   space 3584K, 0% used [0x00000000ec400000,0x00000000ec400000,0x00000000ec780000)
 ParOldGen       total 68608K, used 24439K [0x00000000c0000000, 0x00000000c4300000, 0x00000000eab00000)
  object space 68608K, 35% used [0x00000000c0000000,0x00000000c17ddc70,0x00000000c4300000)
 Metaspace       used 48878K, committed 49984K, reserved 1114112K
  class space    used 5253K, committed 5696K, reserved 1048576K
GC Heap History (20 events):
Event: 24.811 GC heap before
{Heap before GC invocations=10 (full 1):
 PSYoungGen      total 24576K, used 24437K [0x00000000eab00000, 0x00000000ec900000, 0x0000000100000000)
  eden space 24064K, 100% used [0x00000000eab00000,0x00000000ec280000,0x00000000ec280000)
  from space 512K, 72% used [0x00000000ec880000,0x00000000ec8dd488,0x00000000ec900000)
  to   space 2048K, 0% used [0x00000000ec500000,0x00000000ec500000,0x00000000ec700000)
 ParOldGen       total 68608K, used 12485K [0x00000000c0000000, 0x00000000c4300000, 0x00000000eab00000)
  object space 68608K, 18% used [0x00000000c0000000,0x00000000c0c315c0,0x00000000c4300000)
 Metaspace       used 25968K, committed 26752K, reserved 1114112K
  class space    used 2417K, committed 2752K, reserved 1048576K
}
Event: 24.814 GC heap after
{Heap after GC invocations=10 (full 1):
 PSYoungGen      total 25600K, used 2038K [0x00000000eab00000, 0x00000000ec900000, 0x0000000100000000)
  eden space 23552K, 0% used [0x00000000eab00000,0x00000000eab00000,0x00000000ec200000)
  from space 2048K, 99% used [0x00000000ec500000,0x00000000ec6fd8c8,0x00000000ec700000)
  to   space 2048K, 0% used [0x00000000ec700000,0x00000000ec700000,0x00000000ec900000)
 ParOldGen       total 68608K, used 13282K [0x00000000c0000000, 0x00000000c4300000, 0x00000000eab00000)
  object space 68608K, 19% used [0x00000000c0000000,0x00000000c0cf8ad0,0x00000000c4300000)
 Metaspace       used 25968K, committed 26752K, reserved 1114112K
  class space    used 2417K, committed 2752K, reserved 1048576K
}
Event: 25.643 GC heap before
{Heap before GC invocations=11 (full 1):
 PSYoungGen      total 25600K, used 25579K [0x00000000eab00000, 0x00000000ec900000, 0x0000000100000000)
  eden space 23552K, 99% used [0x00000000eab00000,0x00000000ec1fd3f8,0x00000000ec200000)
  from space 2048K, 99% used [0x00000000ec500000,0x00000000ec6fd8c8,0x00000000ec700000)
  to   space 2048K, 0% used [0x00000000ec700000,0x00000000ec700000,0x00000000ec900000)
 ParOldGen       total 68608K, used 13282K [0x00000000c0000000, 0x00000000c4300000, 0x00000000eab00000)
  object space 68608K, 19% used [0x00000000c0000000,0x00000000c0cf8ad0,0x00000000c4300000)
 Metaspace       used 29962K, committed 30848K, reserved 1114112K
  class space    used 2886K, committed 3264K, reserved 1048576K
}
Event: 25.648 GC heap after
{Heap after GC invocations=11 (full 1):
 PSYoungGen      total 25088K, used 2024K [0x00000000eab00000, 0x00000000ec900000, 0x0000000100000000)
  eden space 23040K, 0% used [0x00000000eab00000,0x00000000eab00000,0x00000000ec180000)
  from space 2048K, 98% used [0x00000000ec700000,0x00000000ec8fa3b8,0x00000000ec900000)
  to   space 3584K, 0% used [0x00000000ec200000,0x00000000ec200000,0x00000000ec580000)
 ParOldGen       total 68608K, used 14282K [0x00000000c0000000, 0x00000000c4300000, 0x00000000eab00000)
  object space 68608K, 20% used [0x00000000c0000000,0x00000000c0df2970,0x00000000c4300000)
 Metaspace       used 29962K, committed 30848K, reserved 1114112K
  class space    used 2886K, committed 3264K, reserved 1048576K
}
Event: 25.982 GC heap before
{Heap before GC invocations=12 (full 1):
 PSYoungGen      total 25088K, used 25064K [0x00000000eab00000, 0x00000000ec900000, 0x0000000100000000)
  eden space 23040K, 100% used [0x00000000eab00000,0x00000000ec180000,0x00000000ec180000)
  from space 2048K, 98% used [0x00000000ec700000,0x00000000ec8fa3b8,0x00000000ec900000)
  to   space 3584K, 0% used [0x00000000ec200000,0x00000000ec200000,0x00000000ec580000)
 ParOldGen       total 68608K, used 14282K [0x00000000c0000000, 0x00000000c4300000, 0x00000000eab00000)
  object space 68608K, 20% used [0x00000000c0000000,0x00000000c0df2970,0x00000000c4300000)
 Metaspace       used 32735K, committed 33792K, reserved 1114112K
  class space    used 3243K, committed 3712K, reserved 1048576K
}
Event: 25.988 GC heap after
{Heap after GC invocations=12 (full 1):
 PSYoungGen      total 24576K, used 1773K [0x00000000eab00000, 0x00000000ec780000, 0x0000000100000000)
  eden space 22528K, 0% used [0x00000000eab00000,0x00000000eab00000,0x00000000ec100000)
  from space 2048K, 86% used [0x00000000ec200000,0x00000000ec3bb460,0x00000000ec400000)
  to   space 2560K, 0% used [0x00000000ec500000,0x00000000ec500000,0x00000000ec780000)
 ParOldGen       total 68608K, used 16220K [0x00000000c0000000, 0x00000000c4300000, 0x00000000eab00000)
  object space 68608K, 23% used [0x00000000c0000000,0x00000000c0fd7198,0x00000000c4300000)
 Metaspace       used 32735K, committed 33792K, reserved 1114112K
  class space    used 3243K, committed 3712K, reserved 1048576K
}
Event: 26.323 GC heap before
{Heap before GC invocations=13 (full 1):
 PSYoungGen      total 24576K, used 23645K [0x00000000eab00000, 0x00000000ec780000, 0x0000000100000000)
  eden space 22528K, 97% used [0x00000000eab00000,0x00000000ec05c330,0x00000000ec100000)
  from space 2048K, 86% used [0x00000000ec200000,0x00000000ec3bb460,0x00000000ec400000)
  to   space 2560K, 0% used [0x00000000ec500000,0x00000000ec500000,0x00000000ec780000)
 ParOldGen       total 68608K, used 16220K [0x00000000c0000000, 0x00000000c4300000, 0x00000000eab00000)
  object space 68608K, 23% used [0x00000000c0000000,0x00000000c0fd7198,0x00000000c4300000)
 Metaspace       used 34826K, committed 35840K, reserved 1114112K
  class space    used 3493K, committed 3968K, reserved 1048576K
}
Event: 26.328 GC heap after
{Heap after GC invocations=13 (full 1):
 PSYoungGen      total 25088K, used 2375K [0x00000000eab00000, 0x00000000ec780000, 0x0000000100000000)
  eden space 22528K, 0% used [0x00000000eab00000,0x00000000eab00000,0x00000000ec100000)
  from space 2560K, 92% used [0x00000000ec500000,0x00000000ec751f78,0x00000000ec780000)
  to   space 2560K, 0% used [0x00000000ec280000,0x00000000ec280000,0x00000000ec500000)
 ParOldGen       total 68608K, used 17673K [0x00000000c0000000, 0x00000000c4300000, 0x00000000eab00000)
  object space 68608K, 25% used [0x00000000c0000000,0x00000000c1142790,0x00000000c4300000)
 Metaspace       used 34826K, committed 35840K, reserved 1114112K
  class space    used 3493K, committed 3968K, reserved 1048576K
}
Event: 26.328 GC heap before
{Heap before GC invocations=14 (full 2):
 PSYoungGen      total 25088K, used 2375K [0x00000000eab00000, 0x00000000ec780000, 0x0000000100000000)
  eden space 22528K, 0% used [0x00000000eab00000,0x00000000eab00000,0x00000000ec100000)
  from space 2560K, 92% used [0x00000000ec500000,0x00000000ec751f78,0x00000000ec780000)
  to   space 2560K, 0% used [0x00000000ec280000,0x00000000ec280000,0x00000000ec500000)
 ParOldGen       total 68608K, used 17673K [0x00000000c0000000, 0x00000000c4300000, 0x00000000eab00000)
  object space 68608K, 25% used [0x00000000c0000000,0x00000000c1142790,0x00000000c4300000)
 Metaspace       used 34826K, committed 35840K, reserved 1114112K
  class space    used 3493K, committed 3968K, reserved 1048576K
}
Event: 26.397 GC heap after
{Heap after GC invocations=14 (full 2):
 PSYoungGen      total 25088K, used 0K [0x00000000eab00000, 0x00000000ec780000, 0x0000000100000000)
  eden space 22528K, 0% used [0x00000000eab00000,0x00000000eab00000,0x00000000ec100000)
  from space 2560K, 0% used [0x00000000ec500000,0x00000000ec500000,0x00000000ec780000)
  to   space 2560K, 0% used [0x00000000ec280000,0x00000000ec280000,0x00000000ec500000)
 ParOldGen       total 68608K, used 19400K [0x00000000c0000000, 0x00000000c4300000, 0x00000000eab00000)
  object space 68608K, 28% used [0x00000000c0000000,0x00000000c12f23b8,0x00000000c4300000)
 Metaspace       used 34818K, committed 35840K, reserved 1114112K
  class space    used 3490K, committed 3968K, reserved 1048576K
}
Event: 26.741 GC heap before
{Heap before GC invocations=15 (full 2):
 PSYoungGen      total 25088K, used 22528K [0x00000000eab00000, 0x00000000ec780000, 0x0000000100000000)
  eden space 22528K, 100% used [0x00000000eab00000,0x00000000ec100000,0x00000000ec100000)
  from space 2560K, 0% used [0x00000000ec500000,0x00000000ec500000,0x00000000ec780000)
  to   space 2560K, 0% used [0x00000000ec280000,0x00000000ec280000,0x00000000ec500000)
 ParOldGen       total 68608K, used 19400K [0x00000000c0000000, 0x00000000c4300000, 0x00000000eab00000)
  object space 68608K, 28% used [0x00000000c0000000,0x00000000c12f23b8,0x00000000c4300000)
 Metaspace       used 36960K, committed 38016K, reserved 1114112K
  class space    used 3744K, committed 4224K, reserved 1048576K
}
Event: 26.745 GC heap after
{Heap after GC invocations=15 (full 2):
 PSYoungGen      total 24064K, used 1725K [0x00000000eab00000, 0x00000000ec580000, 0x0000000100000000)
  eden space 22016K, 0% used [0x00000000eab00000,0x00000000eab00000,0x00000000ec080000)
  from space 2048K, 84% used [0x00000000ec280000,0x00000000ec42f6f0,0x00000000ec480000)
  to   space 1024K, 0% used [0x00000000ec480000,0x00000000ec480000,0x00000000ec580000)
 ParOldGen       total 68608K, used 19408K [0x00000000c0000000, 0x00000000c4300000, 0x00000000eab00000)
  object space 68608K, 28% used [0x00000000c0000000,0x00000000c12f43b8,0x00000000c4300000)
 Metaspace       used 36960K, committed 38016K, reserved 1114112K
  class space    used 3744K, committed 4224K, reserved 1048576K
}
Event: 27.109 GC heap before
{Heap before GC invocations=16 (full 2):
 PSYoungGen      total 24064K, used 23741K [0x00000000eab00000, 0x00000000ec580000, 0x0000000100000000)
  eden space 22016K, 100% used [0x00000000eab00000,0x00000000ec080000,0x00000000ec080000)
  from space 2048K, 84% used [0x00000000ec280000,0x00000000ec42f6f0,0x00000000ec480000)
  to   space 1024K, 0% used [0x00000000ec480000,0x00000000ec480000,0x00000000ec580000)
 ParOldGen       total 68608K, used 19408K [0x00000000c0000000, 0x00000000c4300000, 0x00000000eab00000)
  object space 68608K, 28% used [0x00000000c0000000,0x00000000c12f43b8,0x00000000c4300000)
 Metaspace       used 40040K, committed 41088K, reserved 1114112K
  class space    used 4128K, committed 4608K, reserved 1048576K
}
Event: 27.112 GC heap after
{Heap after GC invocations=16 (full 2):
 PSYoungGen      total 23040K, used 1024K [0x00000000eab00000, 0x00000000ec680000, 0x0000000100000000)
  eden space 22016K, 0% used [0x00000000eab00000,0x00000000eab00000,0x00000000ec080000)
  from space 1024K, 100% used [0x00000000ec480000,0x00000000ec580000,0x00000000ec580000)
  to   space 3072K, 0% used [0x00000000ec080000,0x00000000ec080000,0x00000000ec380000)
 ParOldGen       total 68608K, used 20836K [0x00000000c0000000, 0x00000000c4300000, 0x00000000eab00000)
  object space 68608K, 30% used [0x00000000c0000000,0x00000000c14593c8,0x00000000c4300000)
 Metaspace       used 40040K, committed 41088K, reserved 1114112K
  class space    used 4128K, committed 4608K, reserved 1048576K
}
Event: 27.511 GC heap before
{Heap before GC invocations=17 (full 2):
 PSYoungGen      total 23040K, used 23040K [0x00000000eab00000, 0x00000000ec680000, 0x0000000100000000)
  eden space 22016K, 100% used [0x00000000eab00000,0x00000000ec080000,0x00000000ec080000)
  from space 1024K, 100% used [0x00000000ec480000,0x00000000ec580000,0x00000000ec580000)
  to   space 3072K, 0% used [0x00000000ec080000,0x00000000ec080000,0x00000000ec380000)
 ParOldGen       total 68608K, used 20836K [0x00000000c0000000, 0x00000000c4300000, 0x00000000eab00000)
  object space 68608K, 30% used [0x00000000c0000000,0x00000000c14593c8,0x00000000c4300000)
 Metaspace       used 42915K, committed 44032K, reserved 1114112K
  class space    used 4509K, committed 4992K, reserved 1048576K
}
Event: 27.515 GC heap after
{Heap after GC invocations=17 (full 2):
 PSYoungGen      total 23552K, used 1385K [0x00000000eab00000, 0x00000000ec500000, 0x0000000100000000)
  eden space 22016K, 0% used [0x00000000eab00000,0x00000000eab00000,0x00000000ec080000)
  from space 1536K, 90% used [0x00000000ec080000,0x00000000ec1da460,0x00000000ec200000)
  to   space 2048K, 0% used [0x00000000ec300000,0x00000000ec300000,0x00000000ec500000)
 ParOldGen       total 68608K, used 21700K [0x00000000c0000000, 0x00000000c4300000, 0x00000000eab00000)
  object space 68608K, 31% used [0x00000000c0000000,0x00000000c15313e8,0x00000000c4300000)
 Metaspace       used 42915K, committed 44032K, reserved 1114112K
  class space    used 4509K, committed 4992K, reserved 1048576K
}
Event: 27.995 GC heap before
{Heap before GC invocations=18 (full 2):
 PSYoungGen      total 23552K, used 23363K [0x00000000eab00000, 0x00000000ec500000, 0x0000000100000000)
  eden space 22016K, 99% used [0x00000000eab00000,0x00000000ec076930,0x00000000ec080000)
  from space 1536K, 90% used [0x00000000ec080000,0x00000000ec1da460,0x00000000ec200000)
  to   space 2048K, 0% used [0x00000000ec300000,0x00000000ec300000,0x00000000ec500000)
 ParOldGen       total 68608K, used 21700K [0x00000000c0000000, 0x00000000c4300000, 0x00000000eab00000)
  object space 68608K, 31% used [0x00000000c0000000,0x00000000c15313e8,0x00000000c4300000)
 Metaspace       used 45410K, committed 46464K, reserved 1114112K
  class space    used 4823K, committed 5312K, reserved 1048576K
}
Event: 27.999 GC heap after
{Heap after GC invocations=18 (full 2):
 PSYoungGen      total 23552K, used 1425K [0x00000000eab00000, 0x00000000ec480000, 0x0000000100000000)
  eden space 22016K, 0% used [0x00000000eab00000,0x00000000eab00000,0x00000000ec080000)
  from space 1536K, 92% used [0x00000000ec300000,0x00000000ec4644a0,0x00000000ec480000)
  to   space 1536K, 0% used [0x00000000ec080000,0x00000000ec080000,0x00000000ec200000)
 ParOldGen       total 68608K, used 22863K [0x00000000c0000000, 0x00000000c4300000, 0x00000000eab00000)
  object space 68608K, 33% used [0x00000000c0000000,0x00000000c1653c20,0x00000000c4300000)
 Metaspace       used 45410K, committed 46464K, reserved 1114112K
  class space    used 4823K, committed 5312K, reserved 1048576K
}
Event: 28.474 GC heap before
{Heap before GC invocations=19 (full 2):
 PSYoungGen      total 23552K, used 23441K [0x00000000eab00000, 0x00000000ec480000, 0x0000000100000000)
  eden space 22016K, 99% used [0x00000000eab00000,0x00000000ec07ffc8,0x00000000ec080000)
  from space 1536K, 92% used [0x00000000ec300000,0x00000000ec4644a0,0x00000000ec480000)
  to   space 1536K, 0% used [0x00000000ec080000,0x00000000ec080000,0x00000000ec200000)
 ParOldGen       total 68608K, used 22863K [0x00000000c0000000, 0x00000000c4300000, 0x00000000eab00000)
  object space 68608K, 33% used [0x00000000c0000000,0x00000000c1653c20,0x00000000c4300000)
 Metaspace       used 47833K, committed 48832K, reserved 1114112K
  class space    used 5132K, committed 5568K, reserved 1048576K
}
Event: 28.479 GC heap after
{Heap after GC invocations=19 (full 2):
 PSYoungGen      total 23552K, used 1512K [0x00000000eab00000, 0x00000000ec780000, 0x0000000100000000)
  eden space 22016K, 0% used [0x00000000eab00000,0x00000000eab00000,0x00000000ec080000)
  from space 1536K, 98% used [0x00000000ec080000,0x00000000ec1fa210,0x00000000ec200000)
  to   space 3584K, 0% used [0x00000000ec400000,0x00000000ec400000,0x00000000ec780000)
 ParOldGen       total 68608K, used 24439K [0x00000000c0000000, 0x00000000c4300000, 0x00000000eab00000)
  object space 68608K, 35% used [0x00000000c0000000,0x00000000c17ddc70,0x00000000c4300000)
 Metaspace       used 47833K, committed 48832K, reserved 1114112K
  class space    used 5132K, committed 5568K, reserved 1048576K
}

