# JRE version: OpenJDK Runtime Environment Temurin-21.0.6+7 (21.0.6+7) (build 21.0.6+7-LTS)
# Java VM: OpenJDK 64-Bit Server VM Temurin-21.0.6+7 (21.0.6+7-LTS, mixed mode, sharing, tiered, compressed oops, compressed class ptrs, parallel gc, windows-amd64)
GC Precious Log:
 CardTable entry size: 512
 CPUs: 8 total, 8 available
 Memory: 6091M
 Large Page Support: Disabled
 NUMA Support: Disabled
 Compressed Oops: Enabled (32-bit)
 Alignments: Space 512K, Generation 512K, Heap 2M
 Heap Min Capacity: 100M
 Heap Initial Capacity: 100M
 Heap Max Capacity: 1G
 Pre-touch: Disabled
 Parallel Workers: 8
Heap:
 PSYoungGen      total 23040K, used 11067K [0x00000000eab00000, 0x00000000ec580000, 0x0000000100000000)
  eden space 20992K, 42% used [0x00000000eab00000,0x00000000eb3ced88,0x00000000ebf80000)
  from space 2048K, 100% used [0x00000000ebf80000,0x00000000ec180000,0x00000000ec180000)
  to   space 3072K, 0% used [0x00000000ec280000,0x00000000ec280000,0x00000000ec580000)
 ParOldGen       total 68608K, used 29484K [0x00000000c0000000, 0x00000000c4300000, 0x00000000eab00000)
  object space 68608K, 42% used [0x00000000c0000000,0x00000000c1ccb280,0x00000000c4300000)
 Metaspace       used 42696K, committed 43904K, reserved 1114112K
  class space    used 4449K, committed 4992K, reserved 1048576K
GC Heap History (20 events):
Event: 5.468 GC heap before
{Heap before GC invocations=12 (full 1):
 PSYoungGen      total 25088K, used 25046K [0x00000000eab00000, 0x00000000ec800000, 0x0000000100000000)
  eden space 23040K, 100% used [0x00000000eab00000,0x00000000ec180000,0x00000000ec180000)
  from space 2048K, 97% used [0x00000000ec600000,0x00000000ec7f5a28,0x00000000ec800000)
  to   space 2560K, 0% used [0x00000000ec300000,0x00000000ec300000,0x00000000ec580000)
 ParOldGen       total 68608K, used 14163K [0x00000000c0000000, 0x00000000c4300000, 0x00000000eab00000)
  object space 68608K, 20% used [0x00000000c0000000,0x00000000c0dd4c90,0x00000000c4300000)
 Metaspace       used 31250K, committed 32320K, reserved 1114112K
  class space    used 3020K, committed 3456K, reserved 1048576K
}
Event: 5.474 GC heap after
{Heap after GC invocations=12 (full 1):
 PSYoungGen      total 24576K, used 2032K [0x00000000eab00000, 0x00000000ec680000, 0x0000000100000000)
  eden space 22528K, 0% used [0x00000000eab00000,0x00000000eab00000,0x00000000ec100000)
  from space 2048K, 99% used [0x00000000ec300000,0x00000000ec4fc0e0,0x00000000ec500000)
  to   space 1536K, 0% used [0x00000000ec500000,0x00000000ec500000,0x00000000ec680000)
 ParOldGen       total 68608K, used 15969K [0x00000000c0000000, 0x00000000c4300000, 0x00000000eab00000)
  object space 68608K, 23% used [0x00000000c0000000,0x00000000c0f98638,0x00000000c4300000)
 Metaspace       used 31250K, committed 32320K, reserved 1114112K
  class space    used 3020K, committed 3456K, reserved 1048576K
}
Event: 5.681 GC heap before
{Heap before GC invocations=13 (full 1):
 PSYoungGen      total 24576K, used 24560K [0x00000000eab00000, 0x00000000ec680000, 0x0000000100000000)
  eden space 22528K, 100% used [0x00000000eab00000,0x00000000ec100000,0x00000000ec100000)
  from space 2048K, 99% used [0x00000000ec300000,0x00000000ec4fc0e0,0x00000000ec500000)
  to   space 1536K, 0% used [0x00000000ec500000,0x00000000ec500000,0x00000000ec680000)
 ParOldGen       total 68608K, used 15969K [0x00000000c0000000, 0x00000000c4300000, 0x00000000eab00000)
  object space 68608K, 23% used [0x00000000c0000000,0x00000000c0f98638,0x00000000c4300000)
 Metaspace       used 34151K, committed 35264K, reserved 1114112K
  class space    used 3405K, committed 3904K, reserved 1048576K
}
Event: 5.686 GC heap after
{Heap after GC invocations=13 (full 1):
 PSYoungGen      total 23552K, used 1536K [0x00000000eab00000, 0x00000000ec780000, 0x0000000100000000)
  eden space 22016K, 0% used [0x00000000eab00000,0x00000000eab00000,0x00000000ec080000)
  from space 1536K, 100% used [0x00000000ec500000,0x00000000ec680000,0x00000000ec680000)
  to   space 3584K, 0% used [0x00000000ec080000,0x00000000ec080000,0x00000000ec400000)
 ParOldGen       total 68608K, used 17489K [0x00000000c0000000, 0x00000000c4300000, 0x00000000eab00000)
  object space 68608K, 25% used [0x00000000c0000000,0x00000000c1114448,0x00000000c4300000)
 Metaspace       used 34151K, committed 35264K, reserved 1114112K
  class space    used 3405K, committed 3904K, reserved 1048576K
}
Event: 5.741 GC heap before
{Heap before GC invocations=14 (full 1):
 PSYoungGen      total 23552K, used 6904K [0x00000000eab00000, 0x00000000ec780000, 0x0000000100000000)
  eden space 22016K, 24% used [0x00000000eab00000,0x00000000eb03e150,0x00000000ec080000)
  from space 1536K, 100% used [0x00000000ec500000,0x00000000ec680000,0x00000000ec680000)
  to   space 3584K, 0% used [0x00000000ec080000,0x00000000ec080000,0x00000000ec400000)
 ParOldGen       total 68608K, used 17489K [0x00000000c0000000, 0x00000000c4300000, 0x00000000eab00000)
  object space 68608K, 25% used [0x00000000c0000000,0x00000000c1114448,0x00000000c4300000)
 Metaspace       used 34801K, committed 35840K, reserved 1114112K
  class space    used 3500K, committed 3968K, reserved 1048576K
}
Event: 5.744 GC heap after
{Heap after GC invocations=14 (full 1):
 PSYoungGen      total 25600K, used 459K [0x00000000eab00000, 0x00000000ec580000, 0x0000000100000000)
  eden space 22016K, 0% used [0x00000000eab00000,0x00000000eab00000,0x00000000ec080000)
  from space 3584K, 12% used [0x00000000ec080000,0x00000000ec0f2f30,0x00000000ec400000)
  to   space 1536K, 0% used [0x00000000ec400000,0x00000000ec400000,0x00000000ec580000)
 ParOldGen       total 68608K, used 18909K [0x00000000c0000000, 0x00000000c4300000, 0x00000000eab00000)
  object space 68608K, 27% used [0x00000000c0000000,0x00000000c1277588,0x00000000c4300000)
 Metaspace       used 34801K, committed 35840K, reserved 1114112K
  class space    used 3500K, committed 3968K, reserved 1048576K
}
Event: 5.745 GC heap before
{Heap before GC invocations=15 (full 2):
 PSYoungGen      total 25600K, used 459K [0x00000000eab00000, 0x00000000ec580000, 0x0000000100000000)
  eden space 22016K, 0% used [0x00000000eab00000,0x00000000eab00000,0x00000000ec080000)
  from space 3584K, 12% used [0x00000000ec080000,0x00000000ec0f2f30,0x00000000ec400000)
  to   space 1536K, 0% used [0x00000000ec400000,0x00000000ec400000,0x00000000ec580000)
 ParOldGen       total 68608K, used 18909K [0x00000000c0000000, 0x00000000c4300000, 0x00000000eab00000)
  object space 68608K, 27% used [0x00000000c0000000,0x00000000c1277588,0x00000000c4300000)
 Metaspace       used 34801K, committed 35840K, reserved 1114112K
  class space    used 3500K, committed 3968K, reserved 1048576K
}
Event: 5.799 GC heap after
{Heap after GC invocations=15 (full 2):
 PSYoungGen      total 25600K, used 0K [0x00000000eab00000, 0x00000000ec580000, 0x0000000100000000)
  eden space 22016K, 0% used [0x00000000eab00000,0x00000000eab00000,0x00000000ec080000)
  from space 3584K, 0% used [0x00000000ec080000,0x00000000ec080000,0x00000000ec400000)
  to   space 1536K, 0% used [0x00000000ec400000,0x00000000ec400000,0x00000000ec580000)
 ParOldGen       total 68608K, used 18675K [0x00000000c0000000, 0x00000000c4300000, 0x00000000eab00000)
  object space 68608K, 27% used [0x00000000c0000000,0x00000000c123ce58,0x00000000c4300000)
 Metaspace       used 34801K, committed 35840K, reserved 1114112K
  class space    used 3500K, committed 3968K, reserved 1048576K
}
Event: 6.061 GC heap before
{Heap before GC invocations=16 (full 2):
 PSYoungGen      total 25600K, used 22016K [0x00000000eab00000, 0x00000000ec580000, 0x0000000100000000)
  eden space 22016K, 100% used [0x00000000eab00000,0x00000000ec080000,0x00000000ec080000)
  from space 3584K, 0% used [0x00000000ec080000,0x00000000ec080000,0x00000000ec400000)
  to   space 1536K, 0% used [0x00000000ec400000,0x00000000ec400000,0x00000000ec580000)
 ParOldGen       total 68608K, used 18675K [0x00000000c0000000, 0x00000000c4300000, 0x00000000eab00000)
  object space 68608K, 27% used [0x00000000c0000000,0x00000000c123ce58,0x00000000c4300000)
 Metaspace       used 36951K, committed 38016K, reserved 1114112K
  class space    used 3793K, committed 4288K, reserved 1048576K
}
Event: 6.064 GC heap after
{Heap after GC invocations=16 (full 2):
 PSYoungGen      total 23552K, used 1518K [0x00000000eab00000, 0x00000000ec580000, 0x0000000100000000)
  eden space 22016K, 0% used [0x00000000eab00000,0x00000000eab00000,0x00000000ec080000)
  from space 1536K, 98% used [0x00000000ec400000,0x00000000ec57b8f8,0x00000000ec580000)
  to   space 2048K, 0% used [0x00000000ec180000,0x00000000ec180000,0x00000000ec380000)
 ParOldGen       total 68608K, used 18715K [0x00000000c0000000, 0x00000000c4300000, 0x00000000eab00000)
  object space 68608K, 27% used [0x00000000c0000000,0x00000000c1246e58,0x00000000c4300000)
 Metaspace       used 36951K, committed 38016K, reserved 1114112K
  class space    used 3793K, committed 4288K, reserved 1048576K
}
Event: 6.344 GC heap before
{Heap before GC invocations=17 (full 2):
 PSYoungGen      total 23552K, used 23534K [0x00000000eab00000, 0x00000000ec580000, 0x0000000100000000)
  eden space 22016K, 100% used [0x00000000eab00000,0x00000000ec080000,0x00000000ec080000)
  from space 1536K, 98% used [0x00000000ec400000,0x00000000ec57b8f8,0x00000000ec580000)
  to   space 2048K, 0% used [0x00000000ec180000,0x00000000ec180000,0x00000000ec380000)
 ParOldGen       total 68608K, used 18715K [0x00000000c0000000, 0x00000000c4300000, 0x00000000eab00000)
  object space 68608K, 27% used [0x00000000c0000000,0x00000000c1246e58,0x00000000c4300000)
 Metaspace       used 38453K, committed 39616K, reserved 1114112K
  class space    used 3948K, committed 4480K, reserved 1048576K
}
Event: 6.349 GC heap after
{Heap after GC invocations=17 (full 2):
 PSYoungGen      total 24064K, used 2043K [0x00000000eab00000, 0x00000000ecc80000, 0x0000000100000000)
  eden space 22016K, 0% used [0x00000000eab00000,0x00000000eab00000,0x00000000ec080000)
  from space 2048K, 99% used [0x00000000ec180000,0x00000000ec37ec98,0x00000000ec380000)
  to   space 6144K, 0% used [0x00000000ec680000,0x00000000ec680000,0x00000000ecc80000)
 ParOldGen       total 68608K, used 21855K [0x00000000c0000000, 0x00000000c4300000, 0x00000000eab00000)
  object space 68608K, 31% used [0x00000000c0000000,0x00000000c1557dc0,0x00000000c4300000)
 Metaspace       used 38453K, committed 39616K, reserved 1114112K
  class space    used 3948K, committed 4480K, reserved 1048576K
}
Event: 6.539 GC heap before
{Heap before GC invocations=18 (full 2):
 PSYoungGen      total 24064K, used 24049K [0x00000000eab00000, 0x00000000ecc80000, 0x0000000100000000)
  eden space 22016K, 99% used [0x00000000eab00000,0x00000000ec07da00,0x00000000ec080000)
  from space 2048K, 99% used [0x00000000ec180000,0x00000000ec37ec98,0x00000000ec380000)
  to   space 6144K, 0% used [0x00000000ec680000,0x00000000ec680000,0x00000000ecc80000)
 ParOldGen       total 68608K, used 21855K [0x00000000c0000000, 0x00000000c4300000, 0x00000000eab00000)
  object space 68608K, 31% used [0x00000000c0000000,0x00000000c1557dc0,0x00000000c4300000)
 Metaspace       used 39877K, committed 41024K, reserved 1114112K
  class space    used 4098K, committed 4608K, reserved 1048576K
}
Event: 6.542 GC heap after
{Heap after GC invocations=18 (full 2):
 PSYoungGen      total 24576K, used 2273K [0x00000000eab00000, 0x00000000ec900000, 0x0000000100000000)
  eden space 22016K, 0% used [0x00000000eab00000,0x00000000eab00000,0x00000000ec080000)
  from space 2560K, 88% used [0x00000000ec680000,0x00000000ec8b85a0,0x00000000ec900000)
  to   space 3584K, 0% used [0x00000000ec200000,0x00000000ec200000,0x00000000ec580000)
 ParOldGen       total 68608K, used 23045K [0x00000000c0000000, 0x00000000c4300000, 0x00000000eab00000)
  object space 68608K, 33% used [0x00000000c0000000,0x00000000c1681548,0x00000000c4300000)
 Metaspace       used 39877K, committed 41024K, reserved 1114112K
  class space    used 4098K, committed 4608K, reserved 1048576K
}
Event: 6.710 GC heap before
{Heap before GC invocations=19 (full 2):
 PSYoungGen      total 24576K, used 24289K [0x00000000eab00000, 0x00000000ec900000, 0x0000000100000000)
  eden space 22016K, 100% used [0x00000000eab00000,0x00000000ec080000,0x00000000ec080000)
  from space 2560K, 88% used [0x00000000ec680000,0x00000000ec8b85a0,0x00000000ec900000)
  to   space 3584K, 0% used [0x00000000ec200000,0x00000000ec200000,0x00000000ec580000)
 ParOldGen       total 68608K, used 23045K [0x00000000c0000000, 0x00000000c4300000, 0x00000000eab00000)
  object space 68608K, 33% used [0x00000000c0000000,0x00000000c1681548,0x00000000c4300000)
 Metaspace       used 40812K, committed 42048K, reserved 1114112K
  class space    used 4233K, committed 4800K, reserved 1048576K
}
Event: 6.714 GC heap after
{Heap after GC invocations=19 (full 2):
 PSYoungGen      total 24576K, used 2076K [0x00000000eab00000, 0x00000000ec700000, 0x0000000100000000)
  eden space 22016K, 0% used [0x00000000eab00000,0x00000000eab00000,0x00000000ec080000)
  from space 2560K, 81% used [0x00000000ec200000,0x00000000ec407018,0x00000000ec480000)
  to   space 2560K, 0% used [0x00000000ec480000,0x00000000ec480000,0x00000000ec700000)
 ParOldGen       total 68608K, used 24914K [0x00000000c0000000, 0x00000000c4300000, 0x00000000eab00000)
  object space 68608K, 36% used [0x00000000c0000000,0x00000000c1854a58,0x00000000c4300000)
 Metaspace       used 40812K, committed 42048K, reserved 1114112K
  class space    used 4233K, committed 4800K, reserved 1048576K
}
Event: 6.894 GC heap before
{Heap before GC invocations=20 (full 2):
 PSYoungGen      total 24576K, used 24092K [0x00000000eab00000, 0x00000000ec700000, 0x0000000100000000)
  eden space 22016K, 100% used [0x00000000eab00000,0x00000000ec080000,0x00000000ec080000)
  from space 2560K, 81% used [0x00000000ec200000,0x00000000ec407018,0x00000000ec480000)
  to   space 2560K, 0% used [0x00000000ec480000,0x00000000ec480000,0x00000000ec700000)
 ParOldGen       total 68608K, used 24914K [0x00000000c0000000, 0x00000000c4300000, 0x00000000eab00000)
  object space 68608K, 36% used [0x00000000c0000000,0x00000000c1854a58,0x00000000c4300000)
 Metaspace       used 41616K, committed 42752K, reserved 1114112K
  class space    used 4320K, committed 4864K, reserved 1048576K
}
Event: 6.899 GC heap after
{Heap after GC invocations=20 (full 2):
 PSYoungGen      total 23552K, used 2540K [0x00000000eab00000, 0x00000000eca80000, 0x0000000100000000)
  eden space 20992K, 0% used [0x00000000eab00000,0x00000000eab00000,0x00000000ebf80000)
  from space 2560K, 99% used [0x00000000ec480000,0x00000000ec6fb008,0x00000000ec700000)
  to   space 5120K, 0% used [0x00000000ebf80000,0x00000000ebf80000,0x00000000ec480000)
 ParOldGen       total 68608K, used 27003K [0x00000000c0000000, 0x00000000c4300000, 0x00000000eab00000)
  object space 68608K, 39% used [0x00000000c0000000,0x00000000c1a5ee70,0x00000000c4300000)
 Metaspace       used 41616K, committed 42752K, reserved 1114112K
  class space    used 4320K, committed 4864K, reserved 1048576K
}
Event: 7.058 GC heap before
{Heap before GC invocations=21 (full 2):
 PSYoungGen      total 23552K, used 23532K [0x00000000eab00000, 0x00000000eca80000, 0x0000000100000000)
  eden space 20992K, 100% used [0x00000000eab00000,0x00000000ebf80000,0x00000000ebf80000)
  from space 2560K, 99% used [0x00000000ec480000,0x00000000ec6fb008,0x00000000ec700000)
  to   space 5120K, 0% used [0x00000000ebf80000,0x00000000ebf80000,0x00000000ec480000)
 ParOldGen       total 68608K, used 27003K [0x00000000c0000000, 0x00000000c4300000, 0x00000000eab00000)
  object space 68608K, 39% used [0x00000000c0000000,0x00000000c1a5ee70,0x00000000c4300000)
 Metaspace       used 42216K, committed 43392K, reserved 1114112K
  class space    used 4397K, committed 4928K, reserved 1048576K
}
Event: 7.065 GC heap after
{Heap after GC invocations=21 (full 2):
 PSYoungGen      total 23040K, used 2048K [0x00000000eab00000, 0x00000000ec580000, 0x0000000100000000)
  eden space 20992K, 0% used [0x00000000eab00000,0x00000000eab00000,0x00000000ebf80000)
  from space 2048K, 100% used [0x00000000ebf80000,0x00000000ec180000,0x00000000ec180000)
  to   space 3072K, 0% used [0x00000000ec280000,0x00000000ec280000,0x00000000ec580000)
 ParOldGen       total 68608K, used 29484K [0x00000000c0000000, 0x00000000c4300000, 0x00000000eab00000)
  object space 68608K, 42% used [0x00000000c0000000,0x00000000c1ccb280,0x00000000c4300000)
 Metaspace       used 42216K, committed 43392K, reserved 1114112K
  class space    used 4397K, committed 4928K, reserved 1048576K
}

