# JRE version: OpenJDK Runtime Environment Temurin-21.0.6+7 (21.0.6+7) (build 21.0.6+7-LTS)
# Java VM: OpenJDK 64-Bit Server VM Temurin-21.0.6+7 (21.0.6+7-LTS, mixed mode, sharing, tiered, compressed oops, compressed class ptrs, parallel gc, windows-amd64)
GC Precious Log:
 CardTable entry size: 512
 CPUs: 8 total, 8 available
 Memory: 6091M
 Large Page Support: Disabled
 NUMA Support: Disabled
 Compressed Oops: Enabled (32-bit)
 Alignments: Space 512K, Generation 512K, Heap 2M
 Heap Min Capacity: 100M
 Heap Initial Capacity: 100M
 Heap Max Capacity: 1G
 Pre-touch: Disabled
 Parallel Workers: 8
Heap:
 PSYoungGen      total 6656K, used 2622K [0x00000000eab00000, 0x00000000eb280000, 0x0000000100000000)
  eden space 6144K, 34% used [0x00000000eab00000,0x00000000ead148c8,0x00000000eb100000)
  from space 512K, 97% used [0x00000000eb180000,0x00000000eb1fc4b8,0x00000000eb200000)
  to   space 512K, 0% used [0x00000000eb200000,0x00000000eb200000,0x00000000eb280000)
 ParOldGen       total 176640K, used 176264K [0x00000000c0000000, 0x00000000cac80000, 0x00000000eab00000)
  object space 176640K, 99% used [0x00000000c0000000,0x00000000cac22010,0x00000000cac80000)
 Metaspace       used 47370K, committed 48576K, reserved 1114112K
  class space    used 4997K, committed 5504K, reserved 1048576K
GC Heap History (20 events):
Event: 20.143 GC heap before
{Heap before GC invocations=88 (full 2):
 PSYoungGen      total 8704K, used 8704K [0x00000000eab00000, 0x00000000eb400000, 0x0000000100000000)
  eden space 8192K, 100% used [0x00000000eab00000,0x00000000eb300000,0x00000000eb300000)
  from space 512K, 100% used [0x00000000eb300000,0x00000000eb380000,0x00000000eb380000)
  to   space 512K, 0% used [0x00000000eb380000,0x00000000eb380000,0x00000000eb400000)
 ParOldGen       total 172032K, used 171761K [0x00000000c0000000, 0x00000000ca800000, 0x00000000eab00000)
  object space 172032K, 99% used [0x00000000c0000000,0x00000000ca7bc7e8,0x00000000ca800000)
 Metaspace       used 47023K, committed 48256K, reserved 1114112K
  class space    used 4961K, committed 5504K, reserved 1048576K
}
Event: 20.146 GC heap after
{Heap after GC invocations=88 (full 2):
 PSYoungGen      total 6656K, used 512K [0x00000000eab00000, 0x00000000eb800000, 0x0000000100000000)
  eden space 6144K, 0% used [0x00000000eab00000,0x00000000eab00000,0x00000000eb100000)
  from space 512K, 100% used [0x00000000eb380000,0x00000000eb400000,0x00000000eb400000)
  to   space 2560K, 0% used [0x00000000eb100000,0x00000000eb100000,0x00000000eb380000)
 ParOldGen       total 173056K, used 172721K [0x00000000c0000000, 0x00000000ca900000, 0x00000000eab00000)
  object space 173056K, 99% used [0x00000000c0000000,0x00000000ca8ac7e8,0x00000000ca900000)
 Metaspace       used 47023K, committed 48256K, reserved 1114112K
  class space    used 4961K, committed 5504K, reserved 1048576K
}
Event: 20.198 GC heap before
{Heap before GC invocations=89 (full 2):
 PSYoungGen      total 6656K, used 6656K [0x00000000eab00000, 0x00000000eb800000, 0x0000000100000000)
  eden space 6144K, 100% used [0x00000000eab00000,0x00000000eb100000,0x00000000eb100000)
  from space 512K, 100% used [0x00000000eb380000,0x00000000eb400000,0x00000000eb400000)
  to   space 2560K, 0% used [0x00000000eb100000,0x00000000eb100000,0x00000000eb380000)
 ParOldGen       total 173056K, used 172721K [0x00000000c0000000, 0x00000000ca900000, 0x00000000eab00000)
  object space 173056K, 99% used [0x00000000c0000000,0x00000000ca8ac7e8,0x00000000ca900000)
 Metaspace       used 47025K, committed 48256K, reserved 1114112K
  class space    used 4961K, committed 5504K, reserved 1048576K
}
Event: 20.200 GC heap after
{Heap after GC invocations=89 (full 2):
 PSYoungGen      total 6656K, used 416K [0x00000000eab00000, 0x00000000eb400000, 0x0000000100000000)
  eden space 6144K, 0% used [0x00000000eab00000,0x00000000eab00000,0x00000000eb100000)
  from space 512K, 81% used [0x00000000eb100000,0x00000000eb168000,0x00000000eb180000)
  to   space 1024K, 0% used [0x00000000eb300000,0x00000000eb300000,0x00000000eb400000)
 ParOldGen       total 173568K, used 173124K [0x00000000c0000000, 0x00000000ca980000, 0x00000000eab00000)
  object space 173568K, 99% used [0x00000000c0000000,0x00000000ca9113f0,0x00000000ca980000)
 Metaspace       used 47025K, committed 48256K, reserved 1114112K
  class space    used 4961K, committed 5504K, reserved 1048576K
}
Event: 20.217 GC heap before
{Heap before GC invocations=90 (full 2):
 PSYoungGen      total 6656K, used 6560K [0x00000000eab00000, 0x00000000eb400000, 0x0000000100000000)
  eden space 6144K, 100% used [0x00000000eab00000,0x00000000eb100000,0x00000000eb100000)
  from space 512K, 81% used [0x00000000eb100000,0x00000000eb168000,0x00000000eb180000)
  to   space 1024K, 0% used [0x00000000eb300000,0x00000000eb300000,0x00000000eb400000)
 ParOldGen       total 173568K, used 173124K [0x00000000c0000000, 0x00000000ca980000, 0x00000000eab00000)
  object space 173568K, 99% used [0x00000000c0000000,0x00000000ca9113f0,0x00000000ca980000)
 Metaspace       used 47025K, committed 48256K, reserved 1114112K
  class space    used 4961K, committed 5504K, reserved 1048576K
}
Event: 20.219 GC heap after
{Heap after GC invocations=90 (full 2):
 PSYoungGen      total 6656K, used 400K [0x00000000eab00000, 0x00000000eb380000, 0x0000000100000000)
  eden space 6144K, 0% used [0x00000000eab00000,0x00000000eab00000,0x00000000eb100000)
  from space 512K, 78% used [0x00000000eb300000,0x00000000eb364010,0x00000000eb380000)
  to   space 512K, 0% used [0x00000000eb100000,0x00000000eb100000,0x00000000eb180000)
 ParOldGen       total 173568K, used 173445K [0x00000000c0000000, 0x00000000ca980000, 0x00000000eab00000)
  object space 173568K, 99% used [0x00000000c0000000,0x00000000ca961438,0x00000000ca980000)
 Metaspace       used 47025K, committed 48256K, reserved 1114112K
  class space    used 4961K, committed 5504K, reserved 1048576K
}
Event: 20.275 GC heap before
{Heap before GC invocations=91 (full 2):
 PSYoungGen      total 6656K, used 6544K [0x00000000eab00000, 0x00000000eb380000, 0x0000000100000000)
  eden space 6144K, 100% used [0x00000000eab00000,0x00000000eb100000,0x00000000eb100000)
  from space 512K, 78% used [0x00000000eb300000,0x00000000eb364010,0x00000000eb380000)
  to   space 512K, 0% used [0x00000000eb100000,0x00000000eb100000,0x00000000eb180000)
 ParOldGen       total 173568K, used 173445K [0x00000000c0000000, 0x00000000ca980000, 0x00000000eab00000)
  object space 173568K, 99% used [0x00000000c0000000,0x00000000ca961438,0x00000000ca980000)
 Metaspace       used 47026K, committed 48256K, reserved 1114112K
  class space    used 4961K, committed 5504K, reserved 1048576K
}
Event: 20.277 GC heap after
{Heap after GC invocations=91 (full 2):
 PSYoungGen      total 6656K, used 512K [0x00000000eab00000, 0x00000000eb400000, 0x0000000100000000)
  eden space 6144K, 0% used [0x00000000eab00000,0x00000000eab00000,0x00000000eb100000)
  from space 512K, 100% used [0x00000000eb100000,0x00000000eb180000,0x00000000eb180000)
  to   space 1536K, 0% used [0x00000000eb280000,0x00000000eb280000,0x00000000eb400000)
 ParOldGen       total 174080K, used 174000K [0x00000000c0000000, 0x00000000caa00000, 0x00000000eab00000)
  object space 174080K, 99% used [0x00000000c0000000,0x00000000ca9ec040,0x00000000caa00000)
 Metaspace       used 47026K, committed 48256K, reserved 1114112K
  class space    used 4961K, committed 5504K, reserved 1048576K
}
Event: 20.377 GC heap before
{Heap before GC invocations=92 (full 2):
 PSYoungGen      total 6656K, used 6656K [0x00000000eab00000, 0x00000000eb400000, 0x0000000100000000)
  eden space 6144K, 100% used [0x00000000eab00000,0x00000000eb100000,0x00000000eb100000)
  from space 512K, 100% used [0x00000000eb100000,0x00000000eb180000,0x00000000eb180000)
  to   space 1536K, 0% used [0x00000000eb280000,0x00000000eb280000,0x00000000eb400000)
 ParOldGen       total 174080K, used 174000K [0x00000000c0000000, 0x00000000caa00000, 0x00000000eab00000)
  object space 174080K, 99% used [0x00000000c0000000,0x00000000ca9ec040,0x00000000caa00000)
 Metaspace       used 47026K, committed 48256K, reserved 1114112K
  class space    used 4961K, committed 5504K, reserved 1048576K
}
Event: 20.379 GC heap after
{Heap after GC invocations=92 (full 2):
 PSYoungGen      total 6656K, used 288K [0x00000000eab00000, 0x00000000eb300000, 0x0000000100000000)
  eden space 6144K, 0% used [0x00000000eab00000,0x00000000eab00000,0x00000000eb100000)
  from space 512K, 56% used [0x00000000eb280000,0x00000000eb2c8000,0x00000000eb300000)
  to   space 1024K, 0% used [0x00000000eb100000,0x00000000eb100000,0x00000000eb200000)
 ParOldGen       total 174592K, used 174280K [0x00000000c0000000, 0x00000000caa80000, 0x00000000eab00000)
  object space 174592K, 99% used [0x00000000c0000000,0x00000000caa32040,0x00000000caa80000)
 Metaspace       used 47026K, committed 48256K, reserved 1114112K
  class space    used 4961K, committed 5504K, reserved 1048576K
}
Event: 20.449 GC heap before
{Heap before GC invocations=93 (full 2):
 PSYoungGen      total 6656K, used 6431K [0x00000000eab00000, 0x00000000eb300000, 0x0000000100000000)
  eden space 6144K, 99% used [0x00000000eab00000,0x00000000eb0fffd0,0x00000000eb100000)
  from space 512K, 56% used [0x00000000eb280000,0x00000000eb2c8000,0x00000000eb300000)
  to   space 1024K, 0% used [0x00000000eb100000,0x00000000eb100000,0x00000000eb200000)
 ParOldGen       total 174592K, used 174280K [0x00000000c0000000, 0x00000000caa80000, 0x00000000eab00000)
  object space 174592K, 99% used [0x00000000c0000000,0x00000000caa32040,0x00000000caa80000)
 Metaspace       used 47033K, committed 48256K, reserved 1114112K
  class space    used 4961K, committed 5504K, reserved 1048576K
}
Event: 20.450 GC heap after
{Heap after GC invocations=93 (full 2):
 PSYoungGen      total 7168K, used 330K [0x00000000eab00000, 0x00000000eb300000, 0x0000000100000000)
  eden space 6144K, 0% used [0x00000000eab00000,0x00000000eab00000,0x00000000eb100000)
  from space 1024K, 32% used [0x00000000eb100000,0x00000000eb1528f8,0x00000000eb200000)
  to   space 512K, 0% used [0x00000000eb280000,0x00000000eb280000,0x00000000eb300000)
 ParOldGen       total 174592K, used 174384K [0x00000000c0000000, 0x00000000caa80000, 0x00000000eab00000)
  object space 174592K, 99% used [0x00000000c0000000,0x00000000caa4c040,0x00000000caa80000)
 Metaspace       used 47033K, committed 48256K, reserved 1114112K
  class space    used 4961K, committed 5504K, reserved 1048576K
}
Event: 20.475 GC heap before
{Heap before GC invocations=94 (full 2):
 PSYoungGen      total 7168K, used 6474K [0x00000000eab00000, 0x00000000eb300000, 0x0000000100000000)
  eden space 6144K, 100% used [0x00000000eab00000,0x00000000eb100000,0x00000000eb100000)
  from space 1024K, 32% used [0x00000000eb100000,0x00000000eb1528f8,0x00000000eb200000)
  to   space 512K, 0% used [0x00000000eb280000,0x00000000eb280000,0x00000000eb300000)
 ParOldGen       total 174592K, used 174384K [0x00000000c0000000, 0x00000000caa80000, 0x00000000eab00000)
  object space 174592K, 99% used [0x00000000c0000000,0x00000000caa4c040,0x00000000caa80000)
 Metaspace       used 47033K, committed 48256K, reserved 1114112K
  class space    used 4961K, committed 5504K, reserved 1048576K
}
Event: 20.477 GC heap after
{Heap after GC invocations=94 (full 2):
 PSYoungGen      total 6656K, used 512K [0x00000000eab00000, 0x00000000eb300000, 0x0000000100000000)
  eden space 6144K, 0% used [0x00000000eab00000,0x00000000eab00000,0x00000000eb100000)
  from space 512K, 100% used [0x00000000eb280000,0x00000000eb300000,0x00000000eb300000)
  to   space 1024K, 0% used [0x00000000eb100000,0x00000000eb100000,0x00000000eb200000)
 ParOldGen       total 175104K, used 174647K [0x00000000c0000000, 0x00000000cab00000, 0x00000000eab00000)
  object space 175104K, 99% used [0x00000000c0000000,0x00000000caa8de88,0x00000000cab00000)
 Metaspace       used 47033K, committed 48256K, reserved 1114112K
  class space    used 4961K, committed 5504K, reserved 1048576K
}
Event: 20.499 GC heap before
{Heap before GC invocations=95 (full 2):
 PSYoungGen      total 6656K, used 6600K [0x00000000eab00000, 0x00000000eb300000, 0x0000000100000000)
  eden space 6144K, 99% used [0x00000000eab00000,0x00000000eb0f2248,0x00000000eb100000)
  from space 512K, 100% used [0x00000000eb280000,0x00000000eb300000,0x00000000eb300000)
  to   space 1024K, 0% used [0x00000000eb100000,0x00000000eb100000,0x00000000eb200000)
 ParOldGen       total 175104K, used 174647K [0x00000000c0000000, 0x00000000cab00000, 0x00000000eab00000)
  object space 175104K, 99% used [0x00000000c0000000,0x00000000caa8de88,0x00000000cab00000)
 Metaspace       used 47034K, committed 48256K, reserved 1114112K
  class space    used 4961K, committed 5504K, reserved 1048576K
}
Event: 20.501 GC heap after
{Heap after GC invocations=95 (full 2):
 PSYoungGen      total 7168K, used 569K [0x00000000eab00000, 0x00000000eb300000, 0x0000000100000000)
  eden space 6144K, 0% used [0x00000000eab00000,0x00000000eab00000,0x00000000eb100000)
  from space 1024K, 55% used [0x00000000eb100000,0x00000000eb18e4f8,0x00000000eb200000)
  to   space 1024K, 0% used [0x00000000eb200000,0x00000000eb200000,0x00000000eb300000)
 ParOldGen       total 175104K, used 175053K [0x00000000c0000000, 0x00000000cab00000, 0x00000000eab00000)
  object space 175104K, 99% used [0x00000000c0000000,0x00000000caaf3490,0x00000000cab00000)
 Metaspace       used 47034K, committed 48256K, reserved 1114112K
  class space    used 4961K, committed 5504K, reserved 1048576K
}
Event: 20.524 GC heap before
{Heap before GC invocations=96 (full 2):
 PSYoungGen      total 7168K, used 6713K [0x00000000eab00000, 0x00000000eb300000, 0x0000000100000000)
  eden space 6144K, 100% used [0x00000000eab00000,0x00000000eb100000,0x00000000eb100000)
  from space 1024K, 55% used [0x00000000eb100000,0x00000000eb18e4f8,0x00000000eb200000)
  to   space 1024K, 0% used [0x00000000eb200000,0x00000000eb200000,0x00000000eb300000)
 ParOldGen       total 175104K, used 175053K [0x00000000c0000000, 0x00000000cab00000, 0x00000000eab00000)
  object space 175104K, 99% used [0x00000000c0000000,0x00000000caaf3490,0x00000000cab00000)
 Metaspace       used 47112K, committed 48320K, reserved 1114112K
  class space    used 4976K, committed 5504K, reserved 1048576K
}
Event: 20.526 GC heap after
{Heap after GC invocations=96 (full 2):
 PSYoungGen      total 6656K, used 379K [0x00000000eab00000, 0x00000000eb280000, 0x0000000100000000)
  eden space 6144K, 0% used [0x00000000eab00000,0x00000000eab00000,0x00000000eb100000)
  from space 512K, 74% used [0x00000000eb200000,0x00000000eb25ec08,0x00000000eb280000)
  to   space 512K, 0% used [0x00000000eb180000,0x00000000eb180000,0x00000000eb200000)
 ParOldGen       total 175616K, used 175365K [0x00000000c0000000, 0x00000000cab80000, 0x00000000eab00000)
  object space 175616K, 99% used [0x00000000c0000000,0x00000000cab41490,0x00000000cab80000)
 Metaspace       used 47112K, committed 48320K, reserved 1114112K
  class space    used 4976K, committed 5504K, reserved 1048576K
}
Event: 20.553 GC heap before
{Heap before GC invocations=97 (full 2):
 PSYoungGen      total 6656K, used 6523K [0x00000000eab00000, 0x00000000eb280000, 0x0000000100000000)
  eden space 6144K, 100% used [0x00000000eab00000,0x00000000eb100000,0x00000000eb100000)
  from space 512K, 74% used [0x00000000eb200000,0x00000000eb25ec08,0x00000000eb280000)
  to   space 512K, 0% used [0x00000000eb180000,0x00000000eb180000,0x00000000eb200000)
 ParOldGen       total 175616K, used 175365K [0x00000000c0000000, 0x00000000cab80000, 0x00000000eab00000)
  object space 175616K, 99% used [0x00000000c0000000,0x00000000cab41490,0x00000000cab80000)
 Metaspace       used 47191K, committed 48448K, reserved 1114112K
  class space    used 4986K, committed 5504K, reserved 1048576K
}
Event: 20.556 GC heap after
{Heap after GC invocations=97 (full 2):
 PSYoungGen      total 6656K, used 505K [0x00000000eab00000, 0x00000000eb300000, 0x0000000100000000)
  eden space 6144K, 0% used [0x00000000eab00000,0x00000000eab00000,0x00000000eb100000)
  from space 512K, 98% used [0x00000000eb180000,0x00000000eb1fe470,0x00000000eb200000)
  to   space 1024K, 0% used [0x00000000eb200000,0x00000000eb200000,0x00000000eb300000)
 ParOldGen       total 176128K, used 175640K [0x00000000c0000000, 0x00000000cac00000, 0x00000000eab00000)
  object space 176128K, 99% used [0x00000000c0000000,0x00000000cab86098,0x00000000cac00000)
 Metaspace       used 47191K, committed 48448K, reserved 1114112K
  class space    used 4986K, committed 5504K, reserved 1048576K
}

